<?xml version="1.0" encoding="UTF-8"?>
<!-- Generated by org.testng.reporters.JUnitReportReporter -->
<testsuite hostname="Ashish" failures="0" tests="9" name="com.orangehrm.tests.OranageHRMTest" time="64.236" errors="0" timestamp="2021-09-17T11:59:47 IST" skipped="8">
  <testcase classname="com.orangehrm.tests.OranageHRMTest" name="VerfiyForgotPasswordPage" time="64.236"/>
  <system-out/>
  <testcase classname="com.orangehrm.tests.OranageHRMTest" name="VerfiyAdminPage">
    <skipped/>
  </testcase> <!-- VerfiyAdminPage -->
  <system-out/>
  <testcase classname="com.orangehrm.tests.OranageHRMTest" name="VerfiyAdminConfigPage">
    <skipped/>
  </testcase> <!-- VerfiyAdminConfigPage -->
  <system-out/>
  <testcase classname="com.orangehrm.tests.OranageHRMTest" name="VerifyApplicationLogin">
    <skipped/>
  </testcase> <!-- VerifyApplicationLogin -->
  <system-out/>
  <testcase classname="com.orangehrm.tests.OranageHRMTest" name="VerfiyAdminJobPage">
    <skipped/>
  </testcase> <!-- VerfiyAdminJobPage -->
  <system-out/>
  <testcase classname="com.orangehrm.tests.OranageHRMTest" name="VerfiyAdminOrgPage">
    <skipped/>
  </testcase> <!-- VerfiyAdminOrgPage -->
  <system-out/>
  <testcase classname="com.orangehrm.tests.OranageHRMTest" name="VerfiyAdminConfigSMAPage">
    <skipped/>
  </testcase> <!-- VerfiyAdminConfigSMAPage -->
  <system-out/>
  <testcase classname="com.orangehrm.tests.OranageHRMTest" name="VerifyApplicationTitle">
    <skipped/>
  </testcase> <!-- VerifyApplicationTitle -->
  <system-out/>
  <testcase classname="com.orangehrm.tests.OranageHRMTest" name="VerifyApplicationLogout">
    <skipped/>
  </testcase> <!-- VerifyApplicationLogout -->
  <system-out/>
</testsuite> <!-- com.orangehrm.tests.OranageHRMTest -->
