<?xml version="1.0" encoding="UTF-8"?>
<!-- Generated by org.testng.reporters.JUnitReportReporter -->
<testsuite hostname="Ashish" failures="1" tests="11" name="com.orangehrm.tests.OranageHRMTest" time="59.992" errors="0" timestamp="2021-10-12T22:14:15 IST" skipped="9">
  <testcase classname="com.orangehrm.tests.OranageHRMTest" name="VerfiyLeaveAssignPage" time="34.323">
    <failure message="Application Login is Not Successful" type="java.lang.AssertionError">
      <![CDATA[java.lang.AssertionError: Application Login is Not Successful
at org.testng.Assert.fail(Assert.java:99)
at com.orangehrm.pages.HomePage.verifyWhetherAppLoginIsSuccessful(HomePage.java:36)
at com.orangehrm.tests.OranageHRMTest.VerfiyLeaveAssignPage(OranageHRMTest.java:126)
at java.base/jdk.internal.reflect.NativeMethodAccessorImpl.invoke0(Native Method)
at java.base/jdk.internal.reflect.NativeMethodAccessorImpl.invoke(NativeMethodAccessorImpl.java:78)
at java.base/jdk.internal.reflect.DelegatingMethodAccessorImpl.invoke(DelegatingMethodAccessorImpl.java:43)
at java.base/java.lang.reflect.Method.invoke(Method.java:567)
at org.testng.internal.MethodInvocationHelper.invokeMethod(MethodInvocationHelper.java:133)
at org.testng.internal.TestInvoker.invokeMethod(TestInvoker.java:598)
at org.testng.internal.TestInvoker.invokeTestMethod(TestInvoker.java:173)
at org.testng.internal.MethodRunner.runInSequence(MethodRunner.java:46)
at org.testng.internal.TestInvoker$MethodInvocationAgent.invoke(TestInvoker.java:824)
at org.testng.internal.TestInvoker.invokeTestMethods(TestInvoker.java:146)
at org.testng.internal.TestMethodWorker.invokeTestMethods(TestMethodWorker.java:146)
at org.testng.internal.TestMethodWorker.run(TestMethodWorker.java:128)
at java.base/java.util.ArrayList.forEach(ArrayList.java:1511)
at org.testng.TestRunner.privateRun(TestRunner.java:794)
at org.testng.TestRunner.run(TestRunner.java:596)
at org.testng.SuiteRunner.runTest(SuiteRunner.java:377)
at org.testng.SuiteRunner.runSequentially(SuiteRunner.java:371)
at org.testng.SuiteRunner.privateRun(SuiteRunner.java:332)
at org.testng.SuiteRunner.run(SuiteRunner.java:276)
at org.testng.SuiteRunnerWorker.runSuite(SuiteRunnerWorker.java:53)
at org.testng.SuiteRunnerWorker.run(SuiteRunnerWorker.java:96)
at org.testng.TestNG.runSuitesSequentially(TestNG.java:1212)
at org.testng.TestNG.runSuitesLocally(TestNG.java:1134)
at org.testng.TestNG.runSuites(TestNG.java:1063)
at org.testng.TestNG.run(TestNG.java:1031)
at org.testng.remote.AbstractRemoteTestNG.run(AbstractRemoteTestNG.java:115)
at org.testng.remote.RemoteTestNG.initAndRun(RemoteTestNG.java:251)
at org.testng.remote.RemoteTestNG.main(RemoteTestNG.java:77)
]]>
    </failure>
  </testcase> <!-- VerfiyLeaveAssignPage -->
  <system-out/>
  <testcase classname="com.orangehrm.tests.OranageHRMTest" name="VerfiyLeaveAssignPage" time="25.669"/>
  <system-out/>
  <testcase classname="com.orangehrm.tests.OranageHRMTest" name="VerfiyAdminPage">
    <skipped/>
  </testcase> <!-- VerfiyAdminPage -->
  <system-out/>
  <testcase classname="com.orangehrm.tests.OranageHRMTest" name="VerfiyForgotPasswordPage">
    <skipped/>
  </testcase> <!-- VerfiyForgotPasswordPage -->
  <system-out/>
  <testcase classname="com.orangehrm.tests.OranageHRMTest" name="VerfiyAdminConfigPage">
    <skipped/>
  </testcase> <!-- VerfiyAdminConfigPage -->
  <system-out/>
  <testcase classname="com.orangehrm.tests.OranageHRMTest" name="VerifyApplicationLogin">
    <skipped/>
  </testcase> <!-- VerifyApplicationLogin -->
  <system-out/>
  <testcase classname="com.orangehrm.tests.OranageHRMTest" name="VerfiyAdminJobPage">
    <skipped/>
  </testcase> <!-- VerfiyAdminJobPage -->
  <system-out/>
  <testcase classname="com.orangehrm.tests.OranageHRMTest" name="VerfiyAdminOrgPage">
    <skipped/>
  </testcase> <!-- VerfiyAdminOrgPage -->
  <system-out/>
  <testcase classname="com.orangehrm.tests.OranageHRMTest" name="VerfiyAdminConfigSMAPage">
    <skipped/>
  </testcase> <!-- VerfiyAdminConfigSMAPage -->
  <system-out/>
  <testcase classname="com.orangehrm.tests.OranageHRMTest" name="VerifyApplicationTitle">
    <skipped/>
  </testcase> <!-- VerifyApplicationTitle -->
  <system-out/>
  <testcase classname="com.orangehrm.tests.OranageHRMTest" name="VerifyApplicationLogout">
    <skipped/>
  </testcase> <!-- VerifyApplicationLogout -->
  <system-out/>
</testsuite> <!-- com.orangehrm.tests.OranageHRMTest -->
