<?xml version="1.0" encoding="UTF-8"?>
<!-- Generated by org.testng.reporters.JUnitReportReporter -->
<testsuite hostname="LAPTOP-GGLBD97Q" failures="0" tests="5" name="testng.Class2" time="0.037" errors="0" timestamp="17 Aug 2021 02:31:46 GMT" skipped="0">
  <testcase classname="testng.Class2" name="test1" time="0.008"/>
  <testcase classname="testng.Class2" name="test2" time="0.011"/>
  <testcase classname="testng.Class2" name="test2" time="0.006"/>
  <testcase classname="testng.Class2" name="test2" time="0.006"/>
  <testcase classname="testng.Class2" name="test3" time="0.006"/>
</testsuite> <!-- testng.Class2 -->
